<?xml version="1.0" encoding="UTF-8"?><testsuite errors="1" failures="0" name="ADASDASD" skipped="0" tests="1" time="25.51" timestamp="2021-01-25 08:12:35"><testcase name="Realizar el envio de un correo electronico con un archivo específico"><error type="java.lang.NullPointerException"/><system-err>null&#13;
tasks.Cargar.performAs(Cargar.java:23)&#13;
stepdefinitions.ActualizarFotoPerfilOrange.actualizarFotoPerfil(ActualizarFotoPerfilOrange.java:20)&#13;
io.cucumber.java.Invoker.invoke(Invoker.java:27)&#13;
io.cucumber.java.JavaStepDefinition.execute(JavaStepDefinition.java:27)&#13;
io.cucumber.core.runner.PickleStepDefinitionMatch.runStep(PickleStepDefinitionMatch.java:63)&#13;
io.cucumber.core.runner.TestStep.executeStep(TestStep.java:64)&#13;
io.cucumber.core.runner.TestStep.run(TestStep.java:49)&#13;
io.cucumber.core.runner.PickleStepTestStep.run(PickleStepTestStep.java:46)&#13;
io.cucumber.core.runner.TestCase.run(TestCase.java:51)&#13;
io.cucumber.core.runner.Runner.runPickle(Runner.java:66)&#13;
io.cucumber.junit.FeatureRunner.runChild(FeatureRunner.java:83)&#13;
io.cucumber.junit.FeatureRunner.runChild(FeatureRunner.java:24)&#13;
io.cucumber.junit.CucumberSerenityRunner.runChild(CucumberSerenityRunner.java:227)&#13;
io.cucumber.junit.CucumberSerenityRunner.runChild(CucumberSerenityRunner.java:54)&#13;
</system-err></testcase></testsuite>